<?xml version="1.0" encoding="UTF-8"?>
<!-- Generated by org.testng.reporters.JUnitReportReporter -->
<testsuite hostname="DESKTOP-SNOS5S4" failures="0" tests="4" name="api.test.UserTest2ndApproach" time="6.876" errors="0" timestamp="2023-05-02T15:53:57 UZT" skipped="0">
  <testcase classname="api.test.UserTest2ndApproach" name="testPostUser" time="2.941"/>
  <system-out/>
  <testcase classname="api.test.UserTest2ndApproach" name="testGetUserByNam" time="1.025"/>
  <system-out/>
  <testcase classname="api.test.UserTest2ndApproach" name="testUpdateUserByName" time="1.938"/>
  <system-out/>
  <testcase classname="api.test.UserTest2ndApproach" name="testDeleteUserBuName" time="0.972"/>
  <system-out/>
</testsuite> <!-- api.test.UserTest2ndApproach -->
