<?xml version="1.0" encoding="UTF-8"?>
<!-- Generated by org.testng.reporters.JUnitReportReporter -->
<testsuite hostname="DESKTOP-SNOS5S4" failures="0" tests="4" name="api.test.UserTest" time="7.080" errors="0" timestamp="2023-04-27T18:43:53 UZT" skipped="0">
  <testcase classname="api.test.UserTest" name="testPostUser" time="3.024"/>
  <system-out/>
  <testcase classname="api.test.UserTest" name="testGetUserByNam" time="1.027"/>
  <system-out/>
  <testcase classname="api.test.UserTest" name="testUpdateUserByName" time="2.046"/>
  <system-out/>
  <testcase classname="api.test.UserTest" name="testDeleteUserBuName" time="0.983"/>
  <system-out/>
</testsuite> <!-- api.test.UserTest -->
