<?xml version="1.0" encoding="UTF-8"?>
<!-- Generated by org.testng.reporters.JUnitReportReporter -->
<testsuite hostname="DESKTOP-SNOS5S4" failures="0" tests="4" name="api.test.UserTest2" time="6.938" errors="0" timestamp="2023-04-29T15:16:12 UZT" skipped="0">
  <testcase classname="api.test.UserTest2" name="testPostUser" time="3.088"/>
  <system-out/>
  <testcase classname="api.test.UserTest2" name="testGetUserByNam" time="0.998"/>
  <system-out/>
  <testcase classname="api.test.UserTest2" name="testUpdateUserByName" time="1.940"/>
  <system-out/>
  <testcase classname="api.test.UserTest2" name="testDeleteUserBuName" time="0.912"/>
  <system-out/>
</testsuite> <!-- api.test.UserTest2 -->
