<?xml version="1.0" encoding="UTF-8"?>
<!-- Generated by org.testng.reporters.JUnitReportReporter -->
<testsuite hostname="DESKTOP-SNOS5S4" failures="0" tests="6" name="api.test.DDTests" time="8.155" errors="0" timestamp="2023-04-26T16:41:27 UZT" skipped="0">
  <testcase classname="api.test.DDTests" name="testPostUser" time="0.989"/>
  <system-out/>
  <testcase classname="api.test.DDTests" name="testPostUser" time="0.980"/>
  <system-out/>
  <testcase classname="api.test.DDTests" name="testPostUser" time="3.280"/>
  <system-out/>
  <testcase classname="api.test.DDTests" name="testDeleteUserByName" time="0.954"/>
  <system-out/>
  <testcase classname="api.test.DDTests" name="testDeleteUserByName" time="0.961"/>
  <system-out/>
  <testcase classname="api.test.DDTests" name="testDeleteUserByName" time="0.991"/>
  <system-out/>
</testsuite> <!-- api.test.DDTests -->
