<?xml version="1.0" encoding="UTF-8"?>
<!-- Generated by org.testng.reporters.JUnitReportReporter -->
<testsuite hostname="DESKTOP-SNOS5S4" failures="0" tests="6" name="api.test.DDTests" time="7.718" errors="0" timestamp="2023-05-02T16:38:00 UZT" skipped="0">
  <testcase classname="api.test.DDTests" name="testPostUser" time="0.929"/>
  <system-out/>
  <testcase classname="api.test.DDTests" name="testPostUser" time="2.881"/>
  <system-out/>
  <testcase classname="api.test.DDTests" name="testPostUser" time="0.912"/>
  <system-out/>
  <testcase classname="api.test.DDTests" name="testDeleteUserByName" time="1.005"/>
  <system-out/>
  <testcase classname="api.test.DDTests" name="testDeleteUserByName" time="1.002"/>
  <system-out/>
  <testcase classname="api.test.DDTests" name="testDeleteUserByName" time="0.989"/>
  <system-out/>
</testsuite> <!-- api.test.DDTests -->
