<?xml version="1.0" encoding="UTF-8"?>
<!-- Generated by org.testng.reporters.JUnitReportReporter -->
<testsuite hostname="DESKTOP-SNOS5S4" failures="0" tests="6" name="api.test.DDTests" time="7.878" errors="0" timestamp="2023-05-02T16:26:01 UZT" skipped="0">
  <testcase classname="api.test.DDTests" name="testPostUser" time="1.025"/>
  <system-out/>
  <testcase classname="api.test.DDTests" name="testPostUser" time="3.064"/>
  <system-out/>
  <testcase classname="api.test.DDTests" name="testPostUser" time="0.951"/>
  <system-out/>
  <testcase classname="api.test.DDTests" name="testDeleteUserByName" time="0.907"/>
  <system-out/>
  <testcase classname="api.test.DDTests" name="testDeleteUserByName" time="0.939"/>
  <system-out/>
  <testcase classname="api.test.DDTests" name="testDeleteUserByName" time="0.992"/>
  <system-out/>
</testsuite> <!-- api.test.DDTests -->
