<?xml version="1.0" encoding="UTF-8"?>
<!-- Generated by org.testng.reporters.JUnitReportReporter -->
<testsuite hostname="DESKTOP-SNOS5S4" failures="0" tests="6" name="api.test.DDTests" time="7.858" errors="0" timestamp="2023-05-02T16:20:31 UZT" skipped="0">
  <testcase classname="api.test.DDTests" name="testPostUser" time="2.963"/>
  <system-out/>
  <testcase classname="api.test.DDTests" name="testPostUser" time="0.994"/>
  <system-out/>
  <testcase classname="api.test.DDTests" name="testPostUser" time="0.942"/>
  <system-out/>
  <testcase classname="api.test.DDTests" name="testDeleteUserByName" time="0.973"/>
  <system-out/>
  <testcase classname="api.test.DDTests" name="testDeleteUserByName" time="1.025"/>
  <system-out/>
  <testcase classname="api.test.DDTests" name="testDeleteUserByName" time="0.961"/>
  <system-out/>
</testsuite> <!-- api.test.DDTests -->
