<?xml version="1.0" encoding="UTF-8"?>
<!-- Generated by org.testng.reporters.JUnitReportReporter -->
<testsuite hostname="DESKTOP-SNOS5S4" failures="0" tests="6" name="api.test.DDTests" time="7.942" errors="0" timestamp="2023-05-02T15:54:39 UZT" skipped="0">
  <testcase classname="api.test.DDTests" name="testPostUser" time="3.040"/>
  <system-out/>
  <testcase classname="api.test.DDTests" name="testPostUser" time="0.998"/>
  <system-out/>
  <testcase classname="api.test.DDTests" name="testPostUser" time="0.970"/>
  <system-out/>
  <testcase classname="api.test.DDTests" name="testDeleteUserByName" time="0.934"/>
  <system-out/>
  <testcase classname="api.test.DDTests" name="testDeleteUserByName" time="0.992"/>
  <system-out/>
  <testcase classname="api.test.DDTests" name="testDeleteUserByName" time="1.008"/>
  <system-out/>
</testsuite> <!-- api.test.DDTests -->
