<?xml version="1.0" encoding="UTF-8"?>
<!-- Generated by org.testng.reporters.JUnitReportReporter -->
<testsuite hostname="DESKTOP-SNOS5S4" failures="0" tests="4" name="api.test.UserTest" time="4.987" errors="0" timestamp="2023-05-02T16:20:31 UZT" skipped="0">
  <testcase classname="api.test.UserTest" name="testPostUser" time="1.055"/>
  <system-out/>
  <testcase classname="api.test.UserTest" name="testGetUserByNam" time="0.968"/>
  <system-out/>
  <testcase classname="api.test.UserTest" name="testUpdateUserByName" time="2.019"/>
  <system-out/>
  <testcase classname="api.test.UserTest" name="testDeleteUserBuName" time="0.945"/>
  <system-out/>
</testsuite> <!-- api.test.UserTest -->
