<?xml version="1.0" encoding="UTF-8"?>
<!-- Generated by org.testng.reporters.JUnitReportReporter -->
<testsuite hostname="DESKTOP-SNOS5S4" failures="0" tests="4" name="api.test.UserTest" time="4.710" errors="0" timestamp="2023-05-02T16:26:01 UZT" skipped="0">
  <testcase classname="api.test.UserTest" name="testPostUser" time="0.968"/>
  <system-out/>
  <testcase classname="api.test.UserTest" name="testGetUserByNam" time="0.935"/>
  <system-out/>
  <testcase classname="api.test.UserTest" name="testUpdateUserByName" time="1.835"/>
  <system-out/>
  <testcase classname="api.test.UserTest" name="testDeleteUserBuName" time="0.972"/>
  <system-out/>
</testsuite> <!-- api.test.UserTest -->
