<?xml version="1.0" encoding="UTF-8"?>
<!-- Generated by org.testng.reporters.JUnitReportReporter -->
<testsuite hostname="DESKTOP-SNOS5S4" failures="0" tests="4" name="api.test.UserTest" time="4.924" errors="0" timestamp="2023-05-02T15:32:40 UZT" skipped="0">
  <testcase classname="api.test.UserTest" name="testPostUser" time="0.970"/>
  <system-out/>
  <testcase classname="api.test.UserTest" name="testGetUserByNam" time="0.946"/>
  <system-out/>
  <testcase classname="api.test.UserTest" name="testUpdateUserByName" time="1.994"/>
  <system-out/>
  <testcase classname="api.test.UserTest" name="testDeleteUserBuName" time="1.014"/>
  <system-out/>
</testsuite> <!-- api.test.UserTest -->
