<?xml version="1.0" encoding="UTF-8"?>
<!-- Generated by org.testng.reporters.JUnitReportReporter -->
<testsuite hostname="DESKTOP-SNOS5S4" failures="0" tests="6" name="api.test.DDTests" time="8.754" errors="0" timestamp="2023-05-02T15:32:40 UZT" skipped="0">
  <testcase classname="api.test.DDTests" name="testPostUser" time="1.025"/>
  <system-out/>
  <testcase classname="api.test.DDTests" name="testPostUser" time="3.838"/>
  <system-out/>
  <testcase classname="api.test.DDTests" name="testPostUser" time="1.005"/>
  <system-out/>
  <testcase classname="api.test.DDTests" name="testDeleteUserByName" time="0.953"/>
  <system-out/>
  <testcase classname="api.test.DDTests" name="testDeleteUserByName" time="0.894"/>
  <system-out/>
  <testcase classname="api.test.DDTests" name="testDeleteUserByName" time="1.039"/>
  <system-out/>
</testsuite> <!-- api.test.DDTests -->
