<?xml version="1.0" encoding="UTF-8"?>
<!-- Generated by org.testng.reporters.JUnitReportReporter -->
<testsuite hostname="DESKTOP-SNOS5S4" failures="0" tests="4" name="api.test.UserTest" time="5.040" errors="0" timestamp="2023-05-02T15:54:39 UZT" skipped="0">
  <testcase classname="api.test.UserTest" name="testPostUser" time="1.063"/>
  <system-out/>
  <testcase classname="api.test.UserTest" name="testGetUserByNam" time="1.009"/>
  <system-out/>
  <testcase classname="api.test.UserTest" name="testUpdateUserByName" time="1.982"/>
  <system-out/>
  <testcase classname="api.test.UserTest" name="testDeleteUserBuName" time="0.986"/>
  <system-out/>
</testsuite> <!-- api.test.UserTest -->
